This file contains any messages produced by compilers while
running configure, to aid debugging if configure makes a mistake.

It was created by 2048 AI configure 1.0, which was
generated by GNU Autoconf 2.69.  Invocation command line was

  $ ./configure 

## --------- ##
## Platform. ##
## --------- ##

hostname = Hermans-MacBook-Pro.local
uname -m = x86_64
uname -r = 16.7.0
uname -s = Darwin
uname -v = Darwin Kernel Version 16.7.0: Thu Jun 15 17:36:27 PDT 2017; root:xnu-3789.70.16~2/RELEASE_X86_64

/usr/bin/uname -p = i386
/bin/uname -X     = unknown

/bin/arch              = unknown
/usr/bin/arch -k       = unknown
/usr/convex/getsysinfo = unknown
/usr/bin/hostinfo      = Mach kernel version:
	 Darwin Kernel Version 16.7.0: Thu Jun 15 17:36:27 PDT 2017; root:xnu-3789.70.16~2/RELEASE_X86_64
Kernel configured for up to 4 processors.
2 processors are physically available.
4 processors are logically available.
Processor type: x86_64h (Intel x86-64h Haswell)
Processors active: 0 1 2 3
Primary memory available: 8.00 gigabytes
Default processor set: 279 tasks, 1194 threads, 4 processors
Load average: 1.68, Mach factor: 2.30
/bin/machine           = unknown
/usr/bin/oslevel       = unknown
/bin/universe          = unknown

PATH: /Library/Frameworks/Python.framework/Versions/3.6/bin
PATH: /Users/Herman/anaconda/bin
PATH: /Volumes/Time_Machine/anaconda/bin
PATH: /Volumes/Seagate_TWO/anaconda/bin
PATH: /opt/local/bin
PATH: /opt/local/sbin
PATH: /usr/local/mysql/bin/
PATH: /Users/Herman/sqoop/bin
PATH: /Library/Frameworks/Python.framework/Versions/2.7/bin
PATH: /Library/Frameworks/Python.framework/Versions/3.4/bin
PATH: /Library/Frameworks/Python.framework/Versions/3.4/bin
PATH: /Library/Frameworks/Python.framework/Versions/3.4/bin
PATH: /Library/Java/JavaVirtualMachines/jdk1.8.0_60.jdk/Contents/Home/bin
PATH: /usr/local/maven//bin
PATH: /usr/local/bin
PATH: /usr/bin
PATH: /bin
PATH: /usr/sbin
PATH: /sbin
PATH: /usr/local/share/dotnet
PATH: /usr/local/git/bin
PATH: /Library/Frameworks/Mono.framework/Versions/Current/Commands


## ----------- ##
## Core tests. ##
## ----------- ##

configure:2297: checking for g++
configure:2313: found /usr/bin/g++
configure:2324: result: g++
configure:2351: checking for C++ compiler version
configure:2360: g++ --version >&5
Apple LLVM version 9.0.0 (clang-900.0.38)
Target: x86_64-apple-darwin16.7.0
Thread model: posix
InstalledDir: /Library/Developer/CommandLineTools/usr/bin
Configured with: --prefix=/Library/Developer/CommandLineTools/usr --with-gxx-include-dir=/usr/include/c++/4.2.1
configure:2371: $? = 0
configure:2360: g++ -v >&5
Configured with: --prefix=/Library/Developer/CommandLineTools/usr --with-gxx-include-dir=/usr/include/c++/4.2.1
Apple LLVM version 9.0.0 (clang-900.0.38)
Target: x86_64-apple-darwin16.7.0
Thread model: posix
InstalledDir: /Library/Developer/CommandLineTools/usr/bin
configure:2371: $? = 0
configure:2360: g++ -V >&5
clang: error: argument to '-V' is missing (expected 1 value)
clang: error: no input files
configure:2371: $? = 1
configure:2360: g++ -qversion >&5
clang: error: unknown argument: '-qversion'
clang: error: no input files
configure:2371: $? = 1
configure:2391: checking whether the C++ compiler works
configure:2413: g++    conftest.cpp  >&5
configure:2417: $? = 0
configure:2465: result: yes
configure:2468: checking for C++ compiler default output file name
configure:2470: result: a.out
configure:2476: checking for suffix of executables
configure:2483: g++ -o conftest    conftest.cpp  >&5
configure:2487: $? = 0
configure:2509: result: 
configure:2531: checking whether we are cross compiling
configure:2539: g++ -o conftest    conftest.cpp  >&5
configure:2543: $? = 0
configure:2550: ./conftest
configure:2554: $? = 0
configure:2569: result: no
configure:2574: checking for suffix of object files
configure:2596: g++ -c   conftest.cpp >&5
configure:2600: $? = 0
configure:2621: result: o
configure:2625: checking whether we are using the GNU C++ compiler
configure:2644: g++ -c   conftest.cpp >&5
configure:2644: $? = 0
configure:2653: result: yes
configure:2662: checking whether g++ accepts -g
configure:2682: g++ -c -g  conftest.cpp >&5
configure:2682: $? = 0
configure:2723: result: yes
configure:2754: checking whether g++ supports C++11 features by default
configure:2788: g++ -c -g -O2  conftest.cpp >&5
conftest.cpp:13:21: error: expected parameter declarator
      static_assert(sizeof(int) <= sizeof(T), "not big enough");
                    ^
conftest.cpp:13:21: error: expected ')'
conftest.cpp:13:20: note: to match this '('
      static_assert(sizeof(int) <= sizeof(T), "not big enough");
                   ^
conftest.cpp:13:7: error: C++ requires a type specifier for all declarations
      static_assert(sizeof(int) <= sizeof(T), "not big enough");
      ^
conftest.cpp:20:22: warning: 'override' keyword is a C++11 extension [-Wc++11-extensions]
    virtual void f() override {}
                     ^
conftest.cpp:23:29: error: a space is required between consecutive right angle brackets (use '> >')
    typedef check<check<bool>> right_angle_brackets;
                            ^~
                            > >
conftest.cpp:26:5: error: unknown type name 'decltype'
    decltype(a) b;
    ^
conftest.cpp:26:16: error: expected ';' after top level declarator
    decltype(a) b;
               ^
               ;
conftest.cpp:30:15: warning: rvalue references are a C++11 extension [-Wc++11-extensions]
    check_type&& cr = static_cast<check_type&&>(c);
              ^
conftest.cpp:30:45: warning: rvalue references are a C++11 extension [-Wc++11-extensions]
    check_type&& cr = static_cast<check_type&&>(c);
                                            ^
conftest.cpp:32:5: warning: 'auto' type specifier is a C++11 extension [-Wc++11-extensions]
    auto d = a;
    ^
conftest.cpp:33:5: warning: 'auto' type specifier is a C++11 extension [-Wc++11-extensions]
    auto l = [](){};
    ^
conftest.cpp:33:14: error: expected expression
    auto l = [](){};
             ^
5 warnings and 7 errors generated.
configure:2788: $? = 1
configure: failed program was:
| /* confdefs.h */
| #define PACKAGE_NAME "2048 AI"
| #define PACKAGE_TARNAME "2048-ai"
| #define PACKAGE_VERSION "1.0"
| #define PACKAGE_STRING "2048 AI 1.0"
| #define PACKAGE_BUGREPORT "https://github.com/nneonneo/2048-ai/issues"
| #define PACKAGE_URL "https://github.com/nneonneo/2048-ai"
| /* end confdefs.h.  */
| 
|   template <typename T>
|     struct check
|     {
|       static_assert(sizeof(int) <= sizeof(T), "not big enough");
|     };
| 
|     struct Base {
|     virtual void f() {}
|     };
|     struct Child : public Base {
|     virtual void f() override {}
|     };
| 
|     typedef check<check<bool>> right_angle_brackets;
| 
|     int a;
|     decltype(a) b;
| 
|     typedef check<int> check_type;
|     check_type c;
|     check_type&& cr = static_cast<check_type&&>(c);
| 
|     auto d = a;
|     auto l = [](){};
| 
configure:2795: result: no
configure:2804: checking whether g++ supports C++11 features with -std=gnu++11
configure:2840: g++ -c -g -O2 -std=gnu++11  conftest.cpp >&5
configure:2840: $? = 0
configure:2849: result: yes
configure:3055: checking for C++ compiler version
configure:3064: g++ --version >&5
Apple LLVM version 9.0.0 (clang-900.0.38)
Target: x86_64-apple-darwin16.7.0
Thread model: posix
InstalledDir: /Library/Developer/CommandLineTools/usr/bin
Configured with: --prefix=/Library/Developer/CommandLineTools/usr --with-gxx-include-dir=/usr/include/c++/4.2.1
configure:3075: $? = 0
configure:3064: g++ -v >&5
Configured with: --prefix=/Library/Developer/CommandLineTools/usr --with-gxx-include-dir=/usr/include/c++/4.2.1
Apple LLVM version 9.0.0 (clang-900.0.38)
Target: x86_64-apple-darwin16.7.0
Thread model: posix
InstalledDir: /Library/Developer/CommandLineTools/usr/bin
configure:3075: $? = 0
configure:3064: g++ -V >&5
clang: error: argument to '-V' is missing (expected 1 value)
clang: error: no input files
configure:3075: $? = 1
configure:3064: g++ -qversion >&5
clang: error: unknown argument: '-qversion'
clang: error: no input files
configure:3075: $? = 1
configure:3079: checking whether we are using the GNU C++ compiler
configure:3107: result: yes
configure:3116: checking whether g++ accepts -g
configure:3177: result: yes
configure:3248: checking for gcc
configure:3264: found /usr/bin/gcc
configure:3275: result: gcc
configure:3504: checking for C compiler version
configure:3513: gcc --version >&5
Apple LLVM version 9.0.0 (clang-900.0.38)
Target: x86_64-apple-darwin16.7.0
Thread model: posix
InstalledDir: /Library/Developer/CommandLineTools/usr/bin
Configured with: --prefix=/Library/Developer/CommandLineTools/usr --with-gxx-include-dir=/usr/include/c++/4.2.1
configure:3524: $? = 0
configure:3513: gcc -v >&5
Configured with: --prefix=/Library/Developer/CommandLineTools/usr --with-gxx-include-dir=/usr/include/c++/4.2.1
Apple LLVM version 9.0.0 (clang-900.0.38)
Target: x86_64-apple-darwin16.7.0
Thread model: posix
InstalledDir: /Library/Developer/CommandLineTools/usr/bin
configure:3524: $? = 0
configure:3513: gcc -V >&5
clang: error: argument to '-V' is missing (expected 1 value)
clang: error: no input files
configure:3524: $? = 1
configure:3513: gcc -qversion >&5
clang: error: unknown argument: '-qversion'
clang: error: no input files
configure:3524: $? = 1
configure:3528: checking whether we are using the GNU C compiler
configure:3547: gcc -c   conftest.c >&5
configure:3547: $? = 0
configure:3556: result: yes
configure:3565: checking whether gcc accepts -g
configure:3585: gcc -c -g  conftest.c >&5
configure:3585: $? = 0
configure:3626: result: yes
configure:3643: checking for gcc option to accept ISO C89
configure:3706: gcc  -c -g -O2  conftest.c >&5
configure:3706: $? = 0
configure:3719: result: none needed
configure:3744: checking how to run the C preprocessor
configure:3775: gcc -E  conftest.c
configure:3775: $? = 0
configure:3789: gcc -E  conftest.c
conftest.c:10:10: fatal error: 'ac_nonexistent.h' file not found
#include <ac_nonexistent.h>
         ^~~~~~~~~~~~~~~~~~
1 error generated.
configure:3789: $? = 1
configure: failed program was:
| /* confdefs.h */
| #define PACKAGE_NAME "2048 AI"
| #define PACKAGE_TARNAME "2048-ai"
| #define PACKAGE_VERSION "1.0"
| #define PACKAGE_STRING "2048 AI 1.0"
| #define PACKAGE_BUGREPORT "https://github.com/nneonneo/2048-ai/issues"
| #define PACKAGE_URL "https://github.com/nneonneo/2048-ai"
| #define HAVE_CXX11 1
| /* end confdefs.h.  */
| #include <ac_nonexistent.h>
configure:3814: result: gcc -E
configure:3834: gcc -E  conftest.c
configure:3834: $? = 0
configure:3848: gcc -E  conftest.c
conftest.c:10:10: fatal error: 'ac_nonexistent.h' file not found
#include <ac_nonexistent.h>
         ^~~~~~~~~~~~~~~~~~
1 error generated.
configure:3848: $? = 1
configure: failed program was:
| /* confdefs.h */
| #define PACKAGE_NAME "2048 AI"
| #define PACKAGE_TARNAME "2048-ai"
| #define PACKAGE_VERSION "1.0"
| #define PACKAGE_STRING "2048 AI 1.0"
| #define PACKAGE_BUGREPORT "https://github.com/nneonneo/2048-ai/issues"
| #define PACKAGE_URL "https://github.com/nneonneo/2048-ai"
| #define HAVE_CXX11 1
| /* end confdefs.h.  */
| #include <ac_nonexistent.h>
configure:3924: checking for gcc
configure:3951: result: gcc
configure:4180: checking for C compiler version
configure:4189: gcc --version >&5
Apple LLVM version 9.0.0 (clang-900.0.38)
Target: x86_64-apple-darwin16.7.0
Thread model: posix
InstalledDir: /Library/Developer/CommandLineTools/usr/bin
Configured with: --prefix=/Library/Developer/CommandLineTools/usr --with-gxx-include-dir=/usr/include/c++/4.2.1
configure:4200: $? = 0
configure:4189: gcc -v >&5
Configured with: --prefix=/Library/Developer/CommandLineTools/usr --with-gxx-include-dir=/usr/include/c++/4.2.1
Apple LLVM version 9.0.0 (clang-900.0.38)
Target: x86_64-apple-darwin16.7.0
Thread model: posix
InstalledDir: /Library/Developer/CommandLineTools/usr/bin
configure:4200: $? = 0
configure:4189: gcc -V >&5
clang: error: argument to '-V' is missing (expected 1 value)
clang: error: no input files
configure:4200: $? = 1
configure:4189: gcc -qversion >&5
clang: error: unknown argument: '-qversion'
clang: error: no input files
configure:4200: $? = 1
configure:4204: checking whether we are using the GNU C compiler
configure:4232: result: yes
configure:4241: checking whether gcc accepts -g
configure:4302: result: yes
configure:4319: checking for gcc option to accept ISO C89
configure:4395: result: none needed
configure:4444: checking for a thread-safe mkdir -p
configure:4483: result: ./install-sh -c -d
configure:4493: checking how to run the C++ preprocessor
configure:4520: g++ -E  conftest.cpp
configure:4520: $? = 0
configure:4534: g++ -E  conftest.cpp
conftest.cpp:10:10: fatal error: 'ac_nonexistent.h' file not found
#include <ac_nonexistent.h>
         ^~~~~~~~~~~~~~~~~~
1 error generated.
configure:4534: $? = 1
configure: failed program was:
| /* confdefs.h */
| #define PACKAGE_NAME "2048 AI"
| #define PACKAGE_TARNAME "2048-ai"
| #define PACKAGE_VERSION "1.0"
| #define PACKAGE_STRING "2048 AI 1.0"
| #define PACKAGE_BUGREPORT "https://github.com/nneonneo/2048-ai/issues"
| #define PACKAGE_URL "https://github.com/nneonneo/2048-ai"
| #define HAVE_CXX11 1
| /* end confdefs.h.  */
| #include <ac_nonexistent.h>
configure:4559: result: g++ -E
configure:4579: g++ -E  conftest.cpp
configure:4579: $? = 0
configure:4593: g++ -E  conftest.cpp
conftest.cpp:10:10: fatal error: 'ac_nonexistent.h' file not found
#include <ac_nonexistent.h>
         ^~~~~~~~~~~~~~~~~~
1 error generated.
configure:4593: $? = 1
configure: failed program was:
| /* confdefs.h */
| #define PACKAGE_NAME "2048 AI"
| #define PACKAGE_TARNAME "2048-ai"
| #define PACKAGE_VERSION "1.0"
| #define PACKAGE_STRING "2048 AI 1.0"
| #define PACKAGE_BUGREPORT "https://github.com/nneonneo/2048-ai/issues"
| #define PACKAGE_URL "https://github.com/nneonneo/2048-ai"
| #define HAVE_CXX11 1
| /* end confdefs.h.  */
| #include <ac_nonexistent.h>
configure:4622: checking for grep that handles long lines and -e
configure:4680: result: /usr/bin/grep
configure:4685: checking for egrep
configure:4747: result: /usr/bin/grep -E
configure:4752: checking for ANSI C header files
configure:4772: g++ -c -g -O2 -std=gnu++11  conftest.cpp >&5
configure:4772: $? = 0
configure:4845: g++ -o conftest -g -O2 -std=gnu++11   conftest.cpp  >&5
configure:4845: $? = 0
configure:4845: ./conftest
configure:4845: $? = 0
configure:4856: result: yes
configure:4869: checking for sys/types.h
configure:4869: g++ -c -g -O2 -std=gnu++11  conftest.cpp >&5
configure:4869: $? = 0
configure:4869: result: yes
configure:4869: checking for sys/stat.h
configure:4869: g++ -c -g -O2 -std=gnu++11  conftest.cpp >&5
configure:4869: $? = 0
configure:4869: result: yes
configure:4869: checking for stdlib.h
configure:4869: g++ -c -g -O2 -std=gnu++11  conftest.cpp >&5
configure:4869: $? = 0
configure:4869: result: yes
configure:4869: checking for string.h
configure:4869: g++ -c -g -O2 -std=gnu++11  conftest.cpp >&5
configure:4869: $? = 0
configure:4869: result: yes
configure:4869: checking for memory.h
configure:4869: g++ -c -g -O2 -std=gnu++11  conftest.cpp >&5
configure:4869: $? = 0
configure:4869: result: yes
configure:4869: checking for strings.h
configure:4869: g++ -c -g -O2 -std=gnu++11  conftest.cpp >&5
configure:4869: $? = 0
configure:4869: result: yes
configure:4869: checking for inttypes.h
configure:4869: g++ -c -g -O2 -std=gnu++11  conftest.cpp >&5
configure:4869: $? = 0
configure:4869: result: yes
configure:4869: checking for stdint.h
configure:4869: g++ -c -g -O2 -std=gnu++11  conftest.cpp >&5
configure:4869: $? = 0
configure:4869: result: yes
configure:4869: checking for unistd.h
configure:4869: g++ -c -g -O2 -std=gnu++11  conftest.cpp >&5
configure:4869: $? = 0
configure:4869: result: yes
configure:4884: checking fcntl.h usability
configure:4884: g++ -c -g -O2 -std=gnu++11  conftest.cpp >&5
configure:4884: $? = 0
configure:4884: result: yes
configure:4884: checking fcntl.h presence
configure:4884: g++ -E  conftest.cpp
configure:4884: $? = 0
configure:4884: result: yes
configure:4884: checking for fcntl.h
configure:4884: result: yes
configure:4884: checking for stdint.h
configure:4884: result: yes
configure:4884: checking for stdlib.h
configure:4884: result: yes
configure:4884: checking for string.h
configure:4884: result: yes
configure:4884: checking sys/time.h usability
configure:4884: g++ -c -g -O2 -std=gnu++11  conftest.cpp >&5
configure:4884: $? = 0
configure:4884: result: yes
configure:4884: checking sys/time.h presence
configure:4884: g++ -E  conftest.cpp
configure:4884: $? = 0
configure:4884: result: yes
configure:4884: checking for sys/time.h
configure:4884: result: yes
configure:4884: checking for unistd.h
configure:4884: result: yes
configure:4884: checking unordered_map usability
configure:4884: g++ -c -g -O2 -std=gnu++11  conftest.cpp >&5
configure:4884: $? = 0
configure:4884: result: yes
configure:4884: checking unordered_map presence
configure:4884: g++ -E  conftest.cpp
configure:4884: $? = 0
configure:4884: result: yes
configure:4884: checking for unordered_map
configure:4884: result: yes
configure:4884: checking tr1/unordered_map usability
configure:4884: g++ -c -g -O2 -std=gnu++11  conftest.cpp >&5
conftest.cpp:60:10: fatal error: 'tr1/unordered_map' file not found
#include <tr1/unordered_map>
         ^~~~~~~~~~~~~~~~~~~
1 error generated.
configure:4884: $? = 1
configure: failed program was:
| /* confdefs.h */
| #define PACKAGE_NAME "2048 AI"
| #define PACKAGE_TARNAME "2048-ai"
| #define PACKAGE_VERSION "1.0"
| #define PACKAGE_STRING "2048 AI 1.0"
| #define PACKAGE_BUGREPORT "https://github.com/nneonneo/2048-ai/issues"
| #define PACKAGE_URL "https://github.com/nneonneo/2048-ai"
| #define HAVE_CXX11 1
| #define STDC_HEADERS 1
| #define HAVE_SYS_TYPES_H 1
| #define HAVE_SYS_STAT_H 1
| #define HAVE_STDLIB_H 1
| #define HAVE_STRING_H 1
| #define HAVE_MEMORY_H 1
| #define HAVE_STRINGS_H 1
| #define HAVE_INTTYPES_H 1
| #define HAVE_STDINT_H 1
| #define HAVE_UNISTD_H 1
| #define HAVE_FCNTL_H 1
| #define HAVE_STDINT_H 1
| #define HAVE_STDLIB_H 1
| #define HAVE_STRING_H 1
| #define HAVE_SYS_TIME_H 1
| #define HAVE_UNISTD_H 1
| #define HAVE_UNORDERED_MAP 1
| /* end confdefs.h.  */
| #include <stdio.h>
| #ifdef HAVE_SYS_TYPES_H
| # include <sys/types.h>
| #endif
| #ifdef HAVE_SYS_STAT_H
| # include <sys/stat.h>
| #endif
| #ifdef STDC_HEADERS
| # include <stdlib.h>
| # include <stddef.h>
| #else
| # ifdef HAVE_STDLIB_H
| #  include <stdlib.h>
| # endif
| #endif
| #ifdef HAVE_STRING_H
| # if !defined STDC_HEADERS && defined HAVE_MEMORY_H
| #  include <memory.h>
| # endif
| # include <string.h>
| #endif
| #ifdef HAVE_STRINGS_H
| # include <strings.h>
| #endif
| #ifdef HAVE_INTTYPES_H
| # include <inttypes.h>
| #endif
| #ifdef HAVE_STDINT_H
| # include <stdint.h>
| #endif
| #ifdef HAVE_UNISTD_H
| # include <unistd.h>
| #endif
| #include <tr1/unordered_map>
configure:4884: result: no
configure:4884: checking tr1/unordered_map presence
configure:4884: g++ -E  conftest.cpp
conftest.cpp:27:10: fatal error: 'tr1/unordered_map' file not found
#include <tr1/unordered_map>
         ^~~~~~~~~~~~~~~~~~~
1 error generated.
configure:4884: $? = 1
configure: failed program was:
| /* confdefs.h */
| #define PACKAGE_NAME "2048 AI"
| #define PACKAGE_TARNAME "2048-ai"
| #define PACKAGE_VERSION "1.0"
| #define PACKAGE_STRING "2048 AI 1.0"
| #define PACKAGE_BUGREPORT "https://github.com/nneonneo/2048-ai/issues"
| #define PACKAGE_URL "https://github.com/nneonneo/2048-ai"
| #define HAVE_CXX11 1
| #define STDC_HEADERS 1
| #define HAVE_SYS_TYPES_H 1
| #define HAVE_SYS_STAT_H 1
| #define HAVE_STDLIB_H 1
| #define HAVE_STRING_H 1
| #define HAVE_MEMORY_H 1
| #define HAVE_STRINGS_H 1
| #define HAVE_INTTYPES_H 1
| #define HAVE_STDINT_H 1
| #define HAVE_UNISTD_H 1
| #define HAVE_FCNTL_H 1
| #define HAVE_STDINT_H 1
| #define HAVE_STDLIB_H 1
| #define HAVE_STRING_H 1
| #define HAVE_SYS_TIME_H 1
| #define HAVE_UNISTD_H 1
| #define HAVE_UNORDERED_MAP 1
| /* end confdefs.h.  */
| #include <tr1/unordered_map>
configure:4884: result: no
configure:4884: checking for tr1/unordered_map
configure:4884: result: no
configure:4896: checking for inline
configure:4912: g++ -c -g -O2 -std=gnu++11  conftest.cpp >&5
configure:4912: $? = 0
configure:4920: result: inline
configure:4938: checking for uint16_t
configure:4938: g++ -c -g -O2 -std=gnu++11  conftest.cpp >&5
configure:4938: $? = 0
configure:4938: result: yes
configure:4950: checking for uint64_t
configure:4950: g++ -c -g -O2 -std=gnu++11  conftest.cpp >&5
configure:4950: $? = 0
configure:4950: result: yes
configure:4969: checking for gettimeofday
configure:4969: g++ -o conftest -g -O2 -std=gnu++11   conftest.cpp  >&5
configure:4969: $? = 0
configure:4969: result: yes
configure:4969: checking for strchr
configure:4969: g++ -o conftest -g -O2 -std=gnu++11   conftest.cpp  >&5
configure:4969: $? = 0
configure:4969: result: yes
configure:4969: checking for arc4random_uniform
configure:4969: g++ -o conftest -g -O2 -std=gnu++11   conftest.cpp  >&5
configure:4969: $? = 0
configure:4969: result: yes
configure:4969: checking for drand48
configure:4969: g++ -o conftest -g -O2 -std=gnu++11   conftest.cpp  >&5
configure:4969: $? = 0
configure:4969: result: yes
configure:5095: creating ./config.status

## ---------------------- ##
## Running config.status. ##
## ---------------------- ##

This file was extended by 2048 AI config.status 1.0, which was
generated by GNU Autoconf 2.69.  Invocation command line was

  CONFIG_FILES    = 
  CONFIG_HEADERS  = 
  CONFIG_LINKS    = 
  CONFIG_COMMANDS = 
  $ ./config.status 

on Hermans-MacBook-Pro.local

config.status:817: creating Makefile
config.status:817: creating config.h
config.status:993: config.h is unchanged

## ---------------- ##
## Cache variables. ##
## ---------------- ##

ac_cv_c_compiler_gnu=yes
ac_cv_c_inline=inline
ac_cv_c_uint16_t=yes
ac_cv_c_uint64_t=yes
ac_cv_cxx_compiler_gnu=yes
ac_cv_env_CCC_set=
ac_cv_env_CCC_value=
ac_cv_env_CC_set=
ac_cv_env_CC_value=
ac_cv_env_CFLAGS_set=
ac_cv_env_CFLAGS_value=
ac_cv_env_CPPFLAGS_set=
ac_cv_env_CPPFLAGS_value=
ac_cv_env_CPP_set=
ac_cv_env_CPP_value=
ac_cv_env_CXXCPP_set=
ac_cv_env_CXXCPP_value=
ac_cv_env_CXXFLAGS_set=
ac_cv_env_CXXFLAGS_value=
ac_cv_env_CXX_set=
ac_cv_env_CXX_value=
ac_cv_env_LDFLAGS_set=
ac_cv_env_LDFLAGS_value=
ac_cv_env_LIBS_set=
ac_cv_env_LIBS_value=
ac_cv_env_build_alias_set=
ac_cv_env_build_alias_value=
ac_cv_env_host_alias_set=
ac_cv_env_host_alias_value=
ac_cv_env_target_alias_set=
ac_cv_env_target_alias_value=
ac_cv_func_arc4random_uniform=yes
ac_cv_func_drand48=yes
ac_cv_func_gettimeofday=yes
ac_cv_func_strchr=yes
ac_cv_header_fcntl_h=yes
ac_cv_header_inttypes_h=yes
ac_cv_header_memory_h=yes
ac_cv_header_stdc=yes
ac_cv_header_stdint_h=yes
ac_cv_header_stdlib_h=yes
ac_cv_header_string_h=yes
ac_cv_header_strings_h=yes
ac_cv_header_sys_stat_h=yes
ac_cv_header_sys_time_h=yes
ac_cv_header_sys_types_h=yes
ac_cv_header_tr1_unordered_map=no
ac_cv_header_unistd_h=yes
ac_cv_header_unordered_map=yes
ac_cv_objext=o
ac_cv_path_EGREP='/usr/bin/grep -E'
ac_cv_path_GREP=/usr/bin/grep
ac_cv_prog_CPP='gcc -E'
ac_cv_prog_CXXCPP='g++ -E'
ac_cv_prog_ac_ct_CC=gcc
ac_cv_prog_ac_ct_CXX=g++
ac_cv_prog_cc_c89=
ac_cv_prog_cc_g=yes
ac_cv_prog_cxx_g=yes
ax_cv_cxx_compile_cxx11=no
ax_cv_cxx_compile_cxx11__std_gnupp11=yes

## ----------------- ##
## Output variables. ##
## ----------------- ##

CC='gcc'
CFLAGS='-g -O2'
CPP='gcc -E'
CPPFLAGS=''
CXX='g++'
CXXCPP='g++ -E'
CXXFLAGS='-g -O2 -std=gnu++11'
DEFS='-DHAVE_CONFIG_H'
ECHO_C='\c'
ECHO_N=''
ECHO_T=''
EGREP='/usr/bin/grep -E'
EXEEXT=''
GREP='/usr/bin/grep'
HAVE_CXX11='1'
LDFLAGS=''
LIBOBJS=''
LIBS=''
LTLIBOBJS=''
MKDIR_P='./install-sh -c -d'
OBJEXT='o'
PACKAGE_BUGREPORT='https://github.com/nneonneo/2048-ai/issues'
PACKAGE_NAME='2048 AI'
PACKAGE_STRING='2048 AI 1.0'
PACKAGE_TARNAME='2048-ai'
PACKAGE_URL='https://github.com/nneonneo/2048-ai'
PACKAGE_VERSION='1.0'
PATH_SEPARATOR=':'
SHELL='/bin/sh'
ac_ct_CC='gcc'
ac_ct_CXX='g++'
bindir='${exec_prefix}/bin'
build_alias=''
datadir='${datarootdir}'
datarootdir='${prefix}/share'
docdir='${datarootdir}/doc/${PACKAGE_TARNAME}'
dvidir='${docdir}'
exec_prefix='${prefix}'
host_alias=''
htmldir='${docdir}'
includedir='${prefix}/include'
infodir='${datarootdir}/info'
libdir='${exec_prefix}/lib'
libexecdir='${exec_prefix}/libexec'
localedir='${datarootdir}/locale'
localstatedir='${prefix}/var'
mandir='${datarootdir}/man'
oldincludedir='/usr/include'
pdfdir='${docdir}'
prefix='/usr/local'
program_transform_name='s,x,x,'
psdir='${docdir}'
sbindir='${exec_prefix}/sbin'
sharedstatedir='${prefix}/com'
sysconfdir='${prefix}/etc'
target_alias=''

## ----------- ##
## confdefs.h. ##
## ----------- ##

/* confdefs.h */
#define PACKAGE_NAME "2048 AI"
#define PACKAGE_TARNAME "2048-ai"
#define PACKAGE_VERSION "1.0"
#define PACKAGE_STRING "2048 AI 1.0"
#define PACKAGE_BUGREPORT "https://github.com/nneonneo/2048-ai/issues"
#define PACKAGE_URL "https://github.com/nneonneo/2048-ai"
#define HAVE_CXX11 1
#define STDC_HEADERS 1
#define HAVE_SYS_TYPES_H 1
#define HAVE_SYS_STAT_H 1
#define HAVE_STDLIB_H 1
#define HAVE_STRING_H 1
#define HAVE_MEMORY_H 1
#define HAVE_STRINGS_H 1
#define HAVE_INTTYPES_H 1
#define HAVE_STDINT_H 1
#define HAVE_UNISTD_H 1
#define HAVE_FCNTL_H 1
#define HAVE_STDINT_H 1
#define HAVE_STDLIB_H 1
#define HAVE_STRING_H 1
#define HAVE_SYS_TIME_H 1
#define HAVE_UNISTD_H 1
#define HAVE_UNORDERED_MAP 1
#define HAVE_GETTIMEOFDAY 1
#define HAVE_STRCHR 1
#define HAVE_ARC4RANDOM_UNIFORM 1
#define HAVE_DRAND48 1

configure: exit 0
